[info] : 2023-04-29T15:22:27.241Z Accessing view name: test
[info] : 2023-04-29T15:23:14.864Z Accessing view name: test
[INFO] : 2023-04-29T15:23:30.327Z Accessing view name: test
[INFO] : 2023-04-29T15:24:19.226Z Accessing view name: /views/test
[ERROR] : 2023-04-29T15:30:16.989Z Accessing view name: {"viewName":"test"}
[ERROR] : 2023-04-29T15:31:54.837Z Accessing view name: {"module":"test","task":"123"}
[ERROR] : 2023-04-29T15:37:30.607Z Required parameters not found: [object Object]
[ERROR] : 2023-04-29T15:38:09.023Z Required parameters not found: {"module":"test","task":"123"}
[ERROR] : 2023-04-29T15:38:28.512Z Required parameters not found: {"module":"test","task":"123"}
[INFO] : 2023-04-29T15:40:12.619Z Accessing view name: test/report/123
[INFO] : 2023-04-29T15:40:36.469Z Accessing view name: test/main/report
[INFO] : 2023-04-29T15:43:23.105Z Accessing view name: test/main/report
[INFO] : 2023-04-29T15:44:23.554Z Accessing view name: test/main/report
